No GPU on this node, CUDA module not loaded
Time for jacobi272.6652250578627
building_id, mean_temp, std_temp, pct_above_18, pct_below_15
10000, 14.01233878811275, 6.367431059312565, 30.941014791508444, 55.542295034537624
10009, 11.000135812436373, 5.811144379826625, 16.6712734948236, 74.9723590310584
10014, 14.744169941950119, 7.037733284673848, 38.26367541377415, 52.80837116508215
10019, 14.735524480624482, 7.030325006703675, 38.14915412864569, 52.92926826787113
10029, 10.616037322820358, 6.317331938274926, 18.25563221896085, 74.51301795448481
10031, 12.507072852890545, 6.278432089100354, 24.044722033998173, 66.39513301711693
10051, 13.289039951277402, 5.999085063388632, 25.97693550756574, 62.859923608050536
10053, 11.366493551285709, 6.26121798185875, 19.9510754583921, 72.41052538787024
10056, 14.220114507861702, 6.179461157398302, 31.763454814173965, 57.06174975667784
10064, 12.71696893739585, 6.964227784263683, 28.79137124461432, 62.75688345539249
10075, 15.156939199079357, 6.44052034037085, 39.12088154756647, 47.45605511880576
10079, 15.094353507626135, 7.313911268349323, 41.90001451870493, 49.44974108309539
10080, 15.777740694240359, 7.280585752157965, 46.365765006711015, 44.711034476002
10082, 16.465720758630678, 6.713345052234242, 48.64349722630506, 40.56137689061685
10083, 15.639247995421403, 7.120808056609733, 44.855518923515284, 45.886354482120744
Wrote profile results to 'simulate.py.lprof'
Inspect results with:
python -m line_profiler -rmt simulate.py.lprof
Timer unit: 1e-06 s

Total time: 272.192 s
File: simulate.py
Function: jacobi at line 23

Line #      Hits         Time  Per Hit   % Time  Line Contents
==============================================================
    23                                           @profile
    24                                           def jacobi(u, interior_mask, max_iter, atol=1e-6):
    25        15       9260.8    617.4      0.0      u = np.copy(u)
    26                                           
    27     85248     106103.0      1.2      0.0      for i in range(max_iter):
    28                                                   # Compute average of left, right, up and down neighbors, see eq. (1)
    29     85248  163051286.3   1912.7     59.9          u_new = 0.25 * (u[1:-1, :-2] + u[1:-1, 2:] + u[:-2, 1:-1] + u[2:, 1:-1])
    30     85248   24819503.5    291.1      9.1          u_new_interior = u_new[interior_mask]
    31     85248   57856040.0    678.7     21.3          delta = np.abs(u[1:-1, 1:-1][interior_mask] - u_new_interior).max()
    32     85248   26076436.8    305.9      9.6          u[1:-1, 1:-1][interior_mask] = u_new_interior
    33                                           
    34     85248     272866.0      3.2      0.1          if delta < atol:
    35        15         14.3      1.0      0.0              break
    36        15         36.2      2.4      0.0      return u

272.19 seconds - simulate.py:23 - jacobi
